This is pdfTeX, Version 3.14159265-2.6-1.40.16 (TeX Live 2015/Debian) (preloaded format=pdflatex 2018.10.15)  21 NOV 2018 00:40
entering extended mode
 restricted \write18 enabled.
 %&-line parsing enabled.
**"Soal Pengayaan SD .tex"
(./Soal Pengayaan SD .tex
LaTeX2e <2016/02/01>
Babel <3.9q> and hyphenation patterns for 81 language(s) loaded.
(/usr/share/texlive/texmf-dist/tex/latex/base/article.cls
Document Class: article 2014/09/29 v1.4h Standard LaTeX document class
(/usr/share/texlive/texmf-dist/tex/latex/base/size12.clo
File: size12.clo 2014/09/29 v1.4h Standard LaTeX file (size option)
)
\c@part=\count79
\c@section=\count80
\c@subsection=\count81
\c@subsubsection=\count82
\c@paragraph=\count83
\c@subparagraph=\count84
\c@figure=\count85
\c@table=\count86
\abovecaptionskip=\skip41
\belowcaptionskip=\skip42
\bibindent=\dimen102
)
(/usr/share/texlive/texmf-dist/tex/latex/base/inputenc.sty
Package: inputenc 2015/03/17 v1.2c Input encoding file
\inpenc@prehook=\toks14
\inpenc@posthook=\toks15

(/usr/share/texlive/texmf-dist/tex/latex/base/latin1.def
File: latin1.def 2015/03/17 v1.2c Input encoding file
))
(/usr/share/texlive/texmf-dist/tex/latex/amsmath/amsmath.sty
Package: amsmath 2016/03/03 v2.15a AMS math features
\@mathmargin=\skip43

For additional information on amsmath, use the `?' option.
(/usr/share/texlive/texmf-dist/tex/latex/amsmath/amstext.sty
Package: amstext 2000/06/29 v2.01 AMS text

(/usr/share/texlive/texmf-dist/tex/latex/amsmath/amsgen.sty
File: amsgen.sty 1999/11/30 v2.0 generic functions
\@emptytoks=\toks16
\ex@=\dimen103
))
(/usr/share/texlive/texmf-dist/tex/latex/amsmath/amsbsy.sty
Package: amsbsy 1999/11/29 v1.2d Bold Symbols
\pmbraise@=\dimen104
)
(/usr/share/texlive/texmf-dist/tex/latex/amsmath/amsopn.sty
Package: amsopn 1999/12/14 v2.01 operator names
)
\inf@bad=\count87
LaTeX Info: Redefining \frac on input line 199.
\uproot@=\count88
\leftroot@=\count89
LaTeX Info: Redefining \overline on input line 297.
\classnum@=\count90
\DOTSCASE@=\count91
LaTeX Info: Redefining \ldots on input line 394.
LaTeX Info: Redefining \dots on input line 397.
LaTeX Info: Redefining \cdots on input line 518.
\Mathstrutbox@=\box26
\strutbox@=\box27
\big@size=\dimen105
LaTeX Font Info:    Redeclaring font encoding OML on input line 630.
LaTeX Font Info:    Redeclaring font encoding OMS on input line 631.
\macc@depth=\count92
\c@MaxMatrixCols=\count93
\dotsspace@=\muskip10
\c@parentequation=\count94
\dspbrk@lvl=\count95
\tag@help=\toks17
\row@=\count96
\column@=\count97
\maxfields@=\count98
\andhelp@=\toks18
\eqnshift@=\dimen106
\alignsep@=\dimen107
\tagshift@=\dimen108
\tagwidth@=\dimen109
\totwidth@=\dimen110
\lineht@=\dimen111
\@envbody=\toks19
\multlinegap=\skip44
\multlinetaggap=\skip45
\mathdisplay@stack=\toks20
LaTeX Info: Redefining \[ on input line 2735.
LaTeX Info: Redefining \] on input line 2736.
)
(/usr/share/texlive/texmf-dist/tex/latex/tools/multicol.sty
Package: multicol 2015/08/19 v1.8n multicolumn formatting (FMi)
\c@tracingmulticols=\count99
\mult@box=\box28
\multicol@leftmargin=\dimen112
\c@unbalance=\count100
\c@collectmore=\count101
\doublecol@number=\count102
\multicoltolerance=\count103
\multicolpretolerance=\count104
\full@width=\dimen113
\page@free=\dimen114
\premulticols=\dimen115
\postmulticols=\dimen116
\multicolsep=\skip46
\multicolbaselineskip=\skip47
\partial@page=\box29
\last@line=\box30
\maxbalancingoverflow=\dimen117
\mult@rightbox=\box31
\mult@grightbox=\box32
\mult@gfirstbox=\box33
\mult@firstbox=\box34
\@tempa=\box35
\@tempa=\box36
\@tempa=\box37
\@tempa=\box38
\@tempa=\box39
\@tempa=\box40
\@tempa=\box41
\@tempa=\box42
\@tempa=\box43
\@tempa=\box44
\@tempa=\box45
\@tempa=\box46
\@tempa=\box47
\@tempa=\box48
\@tempa=\box49
\@tempa=\box50
\@tempa=\box51
\c@columnbadness=\count105
\c@finalcolumnbadness=\count106
\last@try=\dimen118
\multicolovershoot=\dimen119
\multicolundershoot=\dimen120
\mult@nat@firstbox=\box52
\colbreak@box=\box53
\mc@col@check@num=\count107
)
(/usr/share/texlive/texmf-dist/tex/latex/amsfonts/amsfonts.sty
Package: amsfonts 2013/01/14 v3.01 Basic AMSFonts support
\symAMSa=\mathgroup4
\symAMSb=\mathgroup5
LaTeX Font Info:    Overwriting math alphabet `\mathfrak' in version `bold'
(Font)                  U/euf/m/n --> U/euf/b/n on input line 106.
)
(/usr/share/texlive/texmf-dist/tex/latex/amsfonts/amssymb.sty
Package: amssymb 2013/01/14 v3.01 AMS font symbols
)
(/usr/share/texlive/texmf-dist/tex/latex/pdfpages/pdfpages.sty
Package: pdfpages 2015/09/18 v0.5d Insert pages of external PDF documents (AM)

(/usr/share/texlive/texmf-dist/tex/latex/base/ifthen.sty
Package: ifthen 2014/09/29 v1.1c Standard LaTeX ifthen package (DPC)
)
(/usr/share/texlive/texmf-dist/tex/latex/tools/calc.sty
Package: calc 2014/10/28 v4.3 Infix arithmetic (KKT,FJ)
\calc@Acount=\count108
\calc@Bcount=\count109
\calc@Adimen=\dimen121
\calc@Bdimen=\dimen122
\calc@Askip=\skip48
\calc@Bskip=\skip49
LaTeX Info: Redefining \setlength on input line 80.
LaTeX Info: Redefining \addtolength on input line 81.
\calc@Ccount=\count110
\calc@Cskip=\skip50
)
(/usr/share/texlive/texmf-dist/tex/latex/eso-pic/eso-pic.sty
Package: eso-pic 2015/07/21 v2.0g eso-pic (RN)

(/usr/share/texlive/texmf-dist/tex/generic/oberdiek/atbegshi.sty
Package: atbegshi 2011/10/05 v1.16 At begin shipout hook (HO)

(/usr/share/texlive/texmf-dist/tex/generic/oberdiek/infwarerr.sty
Package: infwarerr 2010/04/08 v1.3 Providing info/warning/error messages (HO)
)
(/usr/share/texlive/texmf-dist/tex/generic/oberdiek/ltxcmds.sty
Package: ltxcmds 2011/11/09 v1.22 LaTeX kernel commands for general use (HO)
)
(/usr/share/texlive/texmf-dist/tex/generic/oberdiek/ifpdf.sty
Package: ifpdf 2011/01/30 v2.3 Provides the ifpdf switch (HO)
Package ifpdf Info: pdfTeX in PDF mode is detected.
))
(/usr/share/texlive/texmf-dist/tex/latex/graphics/keyval.sty
Package: keyval 2014/10/28 v1.15 key=value parser (DPC)
\KV@toks@=\toks21
)
(/usr/share/texlive/texmf-dist/tex/latex/xcolor/xcolor.sty
Package: xcolor 2007/01/21 v2.11 LaTeX color extensions (UK)

(/usr/share/texlive/texmf-dist/tex/latex/latexconfig/color.cfg
File: color.cfg 2007/01/18 v1.5 color configuration of teTeX/TeXLive
)
Package xcolor Info: Driver file: pdftex.def on input line 225.

(/usr/share/texlive/texmf-dist/tex/latex/pdftex-def/pdftex.def
File: pdftex.def 2011/05/27 v0.06d Graphics/color for pdfTeX
\Gread@gobject=\count111
)
Package xcolor Info: Model `cmy' substituted by `cmy0' on input line 1337.
Package xcolor Info: Model `hsb' substituted by `rgb' on input line 1341.
Package xcolor Info: Model `RGB' extended on input line 1353.
Package xcolor Info: Model `HTML' substituted by `rgb' on input line 1355.
Package xcolor Info: Model `Hsb' substituted by `hsb' on input line 1356.
Package xcolor Info: Model `tHsb' substituted by `hsb' on input line 1357.
Package xcolor Info: Model `HSB' substituted by `hsb' on input line 1358.
Package xcolor Info: Model `Gray' substituted by `gray' on input line 1359.
Package xcolor Info: Model `wave' substituted by `hsb' on input line 1360.
))
(/usr/share/texlive/texmf-dist/tex/latex/graphics/graphicx.sty
Package: graphicx 2014/10/28 v1.0g Enhanced LaTeX Graphics (DPC,SPQR)

(/usr/share/texlive/texmf-dist/tex/latex/graphics/graphics.sty
Package: graphics 2016/01/03 v1.0q Standard LaTeX Graphics (DPC,SPQR)

(/usr/share/texlive/texmf-dist/tex/latex/graphics/trig.sty
Package: trig 2016/01/03 v1.10 sin cos tan (DPC)
)
(/usr/share/texlive/texmf-dist/tex/latex/latexconfig/graphics.cfg
File: graphics.cfg 2010/04/23 v1.9 graphics configuration of TeX Live
)
Package graphics Info: Driver file: pdftex.def on input line 95.
)
\Gin@req@height=\dimen123
\Gin@req@width=\dimen124
)
\AM@pagewidth=\dimen125
\AM@pageheight=\dimen126

(/usr/share/texlive/texmf-dist/tex/latex/pdfpages/pppdftex.def
File: pppdftex.def 2015/09/18 v0.5d Pdfpages driver for pdfTeX (AM)
)
\AM@pagebox=\box54
\AM@toc@title=\toks22
\c@AM@survey=\count112
\AM@templatesizebox=\box55
)
(/usr/share/texlive/texmf-dist/tex/latex/geometry/geometry.sty
Package: geometry 2010/09/12 v5.6 Page Geometry

(/usr/share/texlive/texmf-dist/tex/generic/oberdiek/ifvtex.sty
Package: ifvtex 2010/03/01 v1.5 Detect VTeX and its facilities (HO)
Package ifvtex Info: VTeX not detected.
)
(/usr/share/texlive/texmf-dist/tex/generic/ifxetex/ifxetex.sty
Package: ifxetex 2010/09/12 v0.6 Provides ifxetex conditional
)
\Gm@cnth=\count113
\Gm@cntv=\count114
\c@Gm@tempcnt=\count115
\Gm@bindingoffset=\dimen127
\Gm@wd@mp=\dimen128
\Gm@odd@mp=\dimen129
\Gm@even@mp=\dimen130
\Gm@layoutwidth=\dimen131
\Gm@layoutheight=\dimen132
\Gm@layouthoffset=\dimen133
\Gm@layoutvoffset=\dimen134
\Gm@dimlist=\toks23
)

LaTeX Warning: Unused global option(s):
    [openright,openany].

(./Soal Pengayaan SD .aux)
\openout1 = `"Soal Pengayaan SD .aux"'.

LaTeX Font Info:    Checking defaults for OML/cmm/m/it on input line 12.
LaTeX Font Info:    ... okay on input line 12.
LaTeX Font Info:    Checking defaults for T1/cmr/m/n on input line 12.
LaTeX Font Info:    ... okay on input line 12.
LaTeX Font Info:    Checking defaults for OT1/cmr/m/n on input line 12.
LaTeX Font Info:    ... okay on input line 12.
LaTeX Font Info:    Checking defaults for OMS/cmsy/m/n on input line 12.
LaTeX Font Info:    ... okay on input line 12.
LaTeX Font Info:    Checking defaults for OMX/cmex/m/n on input line 12.
LaTeX Font Info:    ... okay on input line 12.
LaTeX Font Info:    Checking defaults for U/cmr/m/n on input line 12.
LaTeX Font Info:    ... okay on input line 12.
\AtBeginShipoutBox=\box56

(/usr/share/texlive/texmf-dist/tex/context/base/supp-pdf.mkii
[Loading MPS to PDF converter (version 2006.09.02).]
\scratchcounter=\count116
\scratchdimen=\dimen135
\scratchbox=\box57
\nofMPsegments=\count117
\nofMParguments=\count118
\everyMPshowfont=\toks24
\MPscratchCnt=\count119
\MPscratchDim=\dimen136
\MPnumerator=\count120
\makeMPintoPDFobject=\count121
\everyMPtoPDFconversion=\toks25
) (/usr/share/texlive/texmf-dist/tex/generic/oberdiek/pdftexcmds.sty
Package: pdftexcmds 2011/11/29 v0.20 Utility functions of pdfTeX for LuaTeX (HO
)

(/usr/share/texlive/texmf-dist/tex/generic/oberdiek/ifluatex.sty
Package: ifluatex 2010/03/01 v1.3 Provides the ifluatex switch (HO)
Package ifluatex Info: LuaTeX not detected.
)
Package pdftexcmds Info: LuaTeX not detected.
Package pdftexcmds Info: \pdf@primitive is available.
Package pdftexcmds Info: \pdf@ifprimitive is available.
Package pdftexcmds Info: \pdfdraftmode found.
)
(/usr/share/texlive/texmf-dist/tex/latex/oberdiek/epstopdf-base.sty
Package: epstopdf-base 2010/02/09 v2.5 Base part for package epstopdf

(/usr/share/texlive/texmf-dist/tex/latex/oberdiek/grfext.sty
Package: grfext 2010/08/19 v1.1 Manage graphics extensions (HO)

(/usr/share/texlive/texmf-dist/tex/generic/oberdiek/kvdefinekeys.sty
Package: kvdefinekeys 2011/04/07 v1.3 Define keys (HO)
))
(/usr/share/texlive/texmf-dist/tex/latex/oberdiek/kvoptions.sty
Package: kvoptions 2011/06/30 v3.11 Key value format for package options (HO)

(/usr/share/texlive/texmf-dist/tex/generic/oberdiek/kvsetkeys.sty
Package: kvsetkeys 2012/04/25 v1.16 Key value parser (HO)

(/usr/share/texlive/texmf-dist/tex/generic/oberdiek/etexcmds.sty
Package: etexcmds 2011/02/16 v1.5 Avoid name clashes with e-TeX commands (HO)
Package etexcmds Info: Could not find \expanded.
(etexcmds)             That can mean that you are not using pdfTeX 1.50 or
(etexcmds)             that some package has redefined \expanded.
(etexcmds)             In the latter case, load this package earlier.
)))
Package grfext Info: Graphics extension search list:
(grfext)             [.png,.pdf,.jpg,.mps,.jpeg,.jbig2,.jb2,.PNG,.PDF,.JPG,.JPE
G,.JBIG2,.JB2,.eps]
(grfext)             \AppendGraphicsExtensions on input line 452.

(/usr/share/texlive/texmf-dist/tex/latex/latexconfig/epstopdf-sys.cfg
File: epstopdf-sys.cfg 2010/07/13 v1.3 Configuration of (r)epstopdf for TeX Liv
e
))
(/usr/share/texlive/texmf-dist/tex/latex/oberdiek/pdflscape.sty
Package: pdflscape 2008/08/11 v0.10 Display of landscape pages in PDF (HO)

(/usr/share/texlive/texmf-dist/tex/latex/graphics/lscape.sty
Package: lscape 2000/10/22 v3.01 Landscape Pages (DPC)
)
Package pdflscape Info: Auto-detected driver: pdftex on input line 80.
)
*geometry* driver: auto-detecting
*geometry* detected driver: pdftex
*geometry* verbose mode - [ preamble ] result:
* driver: pdftex
* paper: a4paper
* layout: <same size as paper>
* layoutoffset:(h,v)=(0.0pt,0.0pt)
* modes: twoside 
* h-part:(L,W,R)=(85.35826pt, 426.79135pt, 85.35826pt)
* v-part:(T,H,B)=(85.35826pt, 674.33032pt, 85.35826pt)
* \paperwidth=597.50787pt
* \paperheight=845.04684pt
* \textwidth=426.79135pt
* \textheight=674.33032pt
* \oddsidemargin=13.08827pt
* \evensidemargin=13.08827pt
* \topmargin=-23.91173pt
* \headheight=12.0pt
* \headsep=25.0pt
* \topskip=12.0pt
* \footskip=30.0pt
* \marginparwidth=85.0pt
* \marginparsep=10.0pt
* \columnsep=10.0pt
* \skip\footins=10.8pt plus 4.0pt minus 2.0pt
* \hoffset=0.0pt
* \voffset=0.0pt
* \mag=1000
* \@twocolumnfalse
* \@twosidetrue
* \@mparswitchtrue
* \@reversemarginfalse
* (1in=72.27pt=25.4mm, 1cm=28.453pt)

LaTeX Font Info:    Try loading font information for U+msa on input line 13.
(/usr/share/texlive/texmf-dist/tex/latex/amsfonts/umsa.fd
File: umsa.fd 2013/01/14 v3.01 AMS symbols A
)
LaTeX Font Info:    Try loading font information for U+msb on input line 13.

(/usr/share/texlive/texmf-dist/tex/latex/amsfonts/umsb.fd
File: umsb.fd 2013/01/14 v3.01 AMS symbols B
)
Overfull \hbox (8.60266pt too wide) in paragraph at lines 16--17
[]\OT1/cmr/m/n/17.28 Selembar seng berben-tuk persegi-pan-jang beruku-ran $50\O
ML/cmm/m/it/17.28 cm \OMS/cmsy/m/n/17.28 ^^B
 []

</home/dila/Desktop/99Pcture/3.png, id=1, 110.5306pt x 85.73206pt>
File: /home/dila/Desktop/99Pcture/3.png Graphic file (type png)

<use /home/dila/Desktop/99Pcture/3.png>
Package pdftex.def Info: /home/dila/Desktop/99Pcture/3.png used on input line 1
9.
(pdftex.def)             Requested size: 158.96423pt x 123.31537pt.

Overfull \hbox (5.66757pt too wide) in paragraph at lines 21--22
\OT1/cmr/m/n/17.28 hari paka-ian terse-but su-dah habis. Ke-un-tun-gan yang dip
er-
 []

[1

{/var/lib/texmf/fonts/map/pdftex/updmap/pdftex.map} </home/dila/Desktop/99Pctur
e/3.png>]
Overfull \hbox (9.11649pt too wide) in paragraph at lines 24--25
[]\OT1/cmr/m/n/17.28 Seorang peda-gang mem-beli 20 kg salak se-harga Rp 140.000
,-
 []


Overfull \hbox (51.15903pt too wide) in paragraph at lines 28--31
\OT1/cmr/m/n/17.28 terse-but ke-mu-dian di-jual kem-bali den-gan harga Rp120.00
0.000,00.
 []

</home/dila/Desktop/99Pcture/PSD1.pdf, id=14, 614.295pt x 794.97pt>
File: /home/dila/Desktop/99Pcture/PSD1.pdf Graphic file (type pdf)

<use /home/dila/Desktop/99Pcture/PSD1.pdf>
Package pdftex.def Info: /home/dila/Desktop/99Pcture/PSD1.pdf used on input lin
e 33.
(pdftex.def)             Requested size: 614.29349pt x 794.96806pt.
File: /home/dila/Desktop/99Pcture/PSD1.pdf Graphic file (type pdf)

<use /home/dila/Desktop/99Pcture/PSD1.pdf>
Package pdftex.def Info: /home/dila/Desktop/99Pcture/PSD1.pdf used on input lin
e 33.
(pdftex.def)             Requested size: 614.29349pt x 794.96806pt.

</home/dila/Desktop/99Pcture/PSD1.pdf, id=17, page=1, 614.295pt x 794.97pt>
File: /home/dila/Desktop/99Pcture/PSD1.pdf Graphic file (type pdf)

<use /home/dila/Desktop/99Pcture/PSD1.pdf, page 1>
Package pdftex.def Info: /home/dila/Desktop/99Pcture/PSD1.pdf, page1 used on in
put line 33.
(pdftex.def)             Requested size: 614.29349pt x 794.96806pt.
File: /home/dila/Desktop/99Pcture/PSD1.pdf Graphic file (type pdf)

<use /home/dila/Desktop/99Pcture/PSD1.pdf, page 1>
Package pdftex.def Info: /home/dila/Desktop/99Pcture/PSD1.pdf, page1 used on in
put line 33.
(pdftex.def)             Requested size: 597.78697pt x 773.60669pt.
 [2]
File: /home/dila/Desktop/99Pcture/PSD1.pdf Graphic file (type pdf)

<use /home/dila/Desktop/99Pcture/PSD1.pdf, page 1>
Package pdftex.def Info: /home/dila/Desktop/99Pcture/PSD1.pdf, page1 used on in
put line 33.
(pdftex.def)             Requested size: 597.78697pt x 773.60669pt.
File: /home/dila/Desktop/99Pcture/PSD1.pdf Graphic file (type pdf)

<use /home/dila/Desktop/99Pcture/PSD1.pdf, page 1>
Package pdftex.def Info: /home/dila/Desktop/99Pcture/PSD1.pdf, page1 used on in
put line 33.
(pdftex.def)             Requested size: 597.78697pt x 773.60669pt.
File: /home/dila/Desktop/99Pcture/PSD1.pdf Graphic file (type pdf)

<use /home/dila/Desktop/99Pcture/PSD1.pdf, page 1>
Package pdftex.def Info: /home/dila/Desktop/99Pcture/PSD1.pdf, page1 used on in
put line 33.
(pdftex.def)             Requested size: 597.78697pt x 773.60669pt.
 [3 </home/dila/Desktop/99Pcture/PSD1.pdf>]
</home/dila/Desktop/99Pcture/PSD1.pdf, id=50, page=2, 614.295pt x 794.97pt>
File: /home/dila/Desktop/99Pcture/PSD1.pdf Graphic file (type pdf)

<use /home/dila/Desktop/99Pcture/PSD1.pdf, page 2>
Package pdftex.def Info: /home/dila/Desktop/99Pcture/PSD1.pdf, page2 used on in
put line 33.
(pdftex.def)             Requested size: 597.78697pt x 773.60669pt.
File: /home/dila/Desktop/99Pcture/PSD1.pdf Graphic file (type pdf)

<use /home/dila/Desktop/99Pcture/PSD1.pdf, page 2>
Package pdftex.def Info: /home/dila/Desktop/99Pcture/PSD1.pdf, page2 used on in
put line 33.
(pdftex.def)             Requested size: 597.78697pt x 773.60669pt.
File: /home/dila/Desktop/99Pcture/PSD1.pdf Graphic file (type pdf)

<use /home/dila/Desktop/99Pcture/PSD1.pdf, page 2>
Package pdftex.def Info: /home/dila/Desktop/99Pcture/PSD1.pdf, page2 used on in
put line 33.
(pdftex.def)             Requested size: 597.78697pt x 773.60669pt.
 [4 </home/dila/Desktop/99Pcture/PSD1.pdf>]
</home/dila/Desktop/99Pcture/PSD1.pdf, id=66, page=3, 614.295pt x 794.97pt>
File: /home/dila/Desktop/99Pcture/PSD1.pdf Graphic file (type pdf)

<use /home/dila/Desktop/99Pcture/PSD1.pdf, page 3>
Package pdftex.def Info: /home/dila/Desktop/99Pcture/PSD1.pdf, page3 used on in
put line 33.
(pdftex.def)             Requested size: 597.78697pt x 773.60669pt.
File: /home/dila/Desktop/99Pcture/PSD1.pdf Graphic file (type pdf)

<use /home/dila/Desktop/99Pcture/PSD1.pdf, page 3>
Package pdftex.def Info: /home/dila/Desktop/99Pcture/PSD1.pdf, page3 used on in
put line 33.
(pdftex.def)             Requested size: 597.78697pt x 773.60669pt.
File: /home/dila/Desktop/99Pcture/PSD1.pdf Graphic file (type pdf)

<use /home/dila/Desktop/99Pcture/PSD1.pdf, page 3>
Package pdftex.def Info: /home/dila/Desktop/99Pcture/PSD1.pdf, page3 used on in
put line 33.
(pdftex.def)             Requested size: 597.78697pt x 773.60669pt.
 [5 </home/dila/Desktop/99Pcture/PSD1.pdf>] (./Soal Pengayaan SD .aux) ) 
Here is how much of TeX's memory you used:
 4312 strings out of 493029
 59971 string characters out of 6136233
 137245 words of memory out of 5000000
 7775 multiletter control sequences out of 15000+600000
 9929 words of font info for 39 fonts, out of 8000000 for 9000
 1141 hyphenation exceptions out of 8191
 40i,18n,46p,317b,426s stack positions out of 5000i,500n,10000p,200000b,80000s
</usr/s
hare/texlive/texmf-dist/fonts/type1/public/amsfonts/cm/cmmi12.pfb></usr/share/t
exlive/texmf-dist/fonts/type1/public/amsfonts/cm/cmr10.pfb></usr/share/texlive/
texmf-dist/fonts/type1/public/amsfonts/cm/cmr12.pfb></usr/share/texlive/texmf-d
ist/fonts/type1/public/amsfonts/cm/cmr17.pfb></usr/share/texlive/texmf-dist/fon
ts/type1/public/amsfonts/cm/cmsy10.pfb>
Output written on "Soal Pengayaan SD .pdf" (5 pages, 185168 bytes).
PDF statistics:
 87 PDF objects out of 1000 (max. 8388607)
 48 compressed objects within 1 object stream
 0 named destinations out of 1000 (max. 500000)
 36 words of extra memory for PDF output out of 10000 (max. 10000000)

